<?xml version="1.0" encoding="UTF-8"?>
<!-- Generated by org.testng.reporters.JUnitReportReporter -->
<testsuite name="Automation.facebook" tests="1" time="10.241" ignored="0" failures="0" timestamp="22 Apr 2020 06:20:45 GMT" skipped="0" hostname="INSWL-1YRZHR2" errors="0">
  <testcase name="verifyGooglePageTittle" time="10.241" classname="Automation.facebook"/>
</testsuite> <!-- Automation.facebook -->
