<?xml version="1.0" encoding="UTF-8"?>
<!-- Generated by org.testng.reporters.JUnitReportReporter -->
<testsuite name="Automation.facebook" tests="1" time="1.834" ignored="0" failures="0" timestamp="21 Apr 2020 19:11:21 GMT" skipped="0" hostname="INSWL-1YRZHR2" errors="0">
  <testcase name="verifyGooglePageTittle" time="1.834" classname="Automation.facebook"/>
</testsuite> <!-- Automation.facebook -->
