<?xml version="1.0" encoding="UTF-8"?>
<!-- Generated by org.testng.reporters.JUnitReportReporter -->
<testsuite hostname="INSWL-1YRZHR2" name="Automation.facebook" tests="1" failures="0" timestamp="21 Apr 2020 17:29:54 GMT" time="1.519" errors="0">
  <testcase name="verifyGooglePageTittle" time="1.519" classname="Automation.facebook"/>
</testsuite> <!-- Automation.facebook -->
