<?xml version="1.0" encoding="UTF-8"?>
<!-- Generated by org.testng.reporters.JUnitReportReporter -->
<testsuite hostname="INSWL-1YRZHR2" name="Automation.facebook" tests="1" failures="0" timestamp="22 Apr 2020 06:37:47 GMT" time="14.098" errors="0">
  <testcase name="verifyGooglePageTittle" time="14.098" classname="Automation.facebook"/>
</testsuite> <!-- Automation.facebook -->
